<?xml version="1.0" encoding="UTF-8"?>
<!-- Generated by org.testng.reporters.JUnitReportReporter -->
<testsuite hostname="DESKTOP-3SSLOUV" failures="0" tests="1" name="test.TestNG_Demo2" time="3.915" errors="0" timestamp="2021-12-28T14:15:53 IST" skipped="0">
  <testcase classname="test.TestNG_Demo2" name="googleSearch3" time="3.915"/>
  <system-out/>
</testsuite> <!-- test.TestNG_Demo2 -->
